{
  "stats": {
    "suites": 63,
    "tests": 189,
    "passes": 189,
    "pending": 0,
    "failures": 0,
    "start": "2018-04-12T11:12:22.765Z",
    "end": "2018-04-12T11:15:03.680Z",
    "duration": 160915,
    "testsRegistered": 189,
    "passPercent": 100,
    "pendingPercent": 0,
    "other": 0,
    "hasOther": false,
    "skipped": 0,
    "hasSkipped": false,
    "passPercentClass": "success",
    "pendingPercentClass": "danger"
  },
  "suites": {
    "uuid": "aaeef556-590f-40a9-b4bf-a79d27b62a6d",
    "title": "",
    "fullFile": "",
    "file": "",
    "beforeHooks": [],
    "afterHooks": [],
    "tests": [],
    "suites": [
      {
        "uuid": "e885ef39-7e11-4747-b62f-765d2d19311a",
        "title": "BallotsStorageMock",
        "fullFile": "",
        "file": "",
        "beforeHooks": [
          {
            "title": "\"before all\" hook: prepare suite",
            "fullTitle": "BallotsStorageMock \"before all\" hook: prepare suite",
            "timedOut": false,
            "duration": 0,
            "pass": false,
            "fail": false,
            "pending": false,
            "code": "series([\n  runner.initialize.bind(runner),\n  self.compileNewAbstractInterface.bind(this, runner),\n  self.deployTestDependencies.bind(this, abstraction, dependency_paths, runner)\n], done);",
            "err": {},
            "isRoot": false,
            "uuid": "8c9f0a0d-e6c6-42a5-9fce-ec1bdc5de2fd",
            "isHook": true,
            "skipped": false
          },
          {
            "title": "\"before each\" hook: before test",
            "fullTitle": "BallotsStorageMock \"before each\" hook: before test",
            "timedOut": false,
            "duration": 0,
            "pass": false,
            "fail": false,
            "pending": false,
            "code": "runner.startTest(this, done);",
            "err": {},
            "isRoot": false,
            "uuid": "ba88d4b6-6bb1-460e-821d-559385a7c1a9",
            "isHook": true,
            "skipped": false
          }
        ],
        "afterHooks": [
          {
            "title": "\"after each\" hook: after test",
            "fullTitle": "BallotsStorageMock \"after each\" hook: after test",
            "timedOut": false,
            "duration": 0,
            "pass": false,
            "fail": false,
            "pending": false,
            "code": "runner.endTest(this, done);",
            "err": {},
            "isRoot": false,
            "uuid": "64e89c72-70f2-44f6-8088-f505af523a28",
            "isHook": true,
            "skipped": false
          }
        ],
        "tests": [],
        "suites": [],
        "passes": [],
        "failures": [],
        "pending": [],
        "skipped": [],
        "duration": 0,
        "root": false,
        "rootEmpty": false,
        "_timeout": 2000
      },
      {
        "uuid": "9a3bbce0-8819-4180-8573-7794d022abf6",
        "title": "EternalStorageProxyMock",
        "fullFile": "",
        "file": "",
        "beforeHooks": [
          {
            "title": "\"before all\" hook: prepare suite",
            "fullTitle": "EternalStorageProxyMock \"before all\" hook: prepare suite",
            "timedOut": false,
            "duration": 0,
            "pass": false,
            "fail": false,
            "pending": false,
            "code": "series([\n  runner.initialize.bind(runner),\n  self.compileNewAbstractInterface.bind(this, runner),\n  self.deployTestDependencies.bind(this, abstraction, dependency_paths, runner)\n], done);",
            "err": {},
            "isRoot": false,
            "uuid": "bda11bb4-ae53-4d3b-b3bd-348aef99052a",
            "isHook": true,
            "skipped": false
          },
          {
            "title": "\"before each\" hook: before test",
            "fullTitle": "EternalStorageProxyMock \"before each\" hook: before test",
            "timedOut": false,
            "duration": 0,
            "pass": false,
            "fail": false,
            "pending": false,
            "code": "runner.startTest(this, done);",
            "err": {},
            "isRoot": false,
            "uuid": "4f6826e0-8ce4-44d2-a36c-18a394d732af",
            "isHook": true,
            "skipped": false
          }
        ],
        "afterHooks": [
          {
            "title": "\"after each\" hook: after test",
            "fullTitle": "EternalStorageProxyMock \"after each\" hook: after test",
            "timedOut": false,
            "duration": 0,
            "pass": false,
            "fail": false,
            "pending": false,
            "code": "runner.endTest(this, done);",
            "err": {},
            "isRoot": false,
            "uuid": "3eb81913-48a9-44fa-af0a-73f1c926b659",
            "isHook": true,
            "skipped": false
          }
        ],
        "tests": [],
        "suites": [],
        "passes": [],
        "failures": [],
        "pending": [],
        "skipped": [],
        "duration": 0,
        "root": false,
        "rootEmpty": false,
        "_timeout": 2000
      },
      {
        "uuid": "c9a6f90f-68f4-44ad-a81f-79c7b2d5d14a",
        "title": "KeysManagerMock",
        "fullFile": "",
        "file": "",
        "beforeHooks": [
          {
            "title": "\"before all\" hook: prepare suite",
            "fullTitle": "KeysManagerMock \"before all\" hook: prepare suite",
            "timedOut": false,
            "duration": 0,
            "pass": false,
            "fail": false,
            "pending": false,
            "code": "series([\n  runner.initialize.bind(runner),\n  self.compileNewAbstractInterface.bind(this, runner),\n  self.deployTestDependencies.bind(this, abstraction, dependency_paths, runner)\n], done);",
            "err": {},
            "isRoot": false,
            "uuid": "88bdba53-99bc-4a62-8431-9988c17640f1",
            "isHook": true,
            "skipped": false
          },
          {
            "title": "\"before each\" hook: before test",
            "fullTitle": "KeysManagerMock \"before each\" hook: before test",
            "timedOut": false,
            "duration": 0,
            "pass": false,
            "fail": false,
            "pending": false,
            "code": "runner.startTest(this, done);",
            "err": {},
            "isRoot": false,
            "uuid": "d0f7f3b5-9b52-4acd-8c41-d1036fdb0289",
            "isHook": true,
            "skipped": false
          }
        ],
        "afterHooks": [
          {
            "title": "\"after each\" hook: after test",
            "fullTitle": "KeysManagerMock \"after each\" hook: after test",
            "timedOut": false,
            "duration": 0,
            "pass": false,
            "fail": false,
            "pending": false,
            "code": "runner.endTest(this, done);",
            "err": {},
            "isRoot": false,
            "uuid": "58c5c651-56c3-4169-9b90-9f86096e6fe0",
            "isHook": true,
            "skipped": false
          }
        ],
        "tests": [],
        "suites": [],
        "passes": [],
        "failures": [],
        "pending": [],
        "skipped": [],
        "duration": 0,
        "root": false,
        "rootEmpty": false,
        "_timeout": 2000
      },
      {
        "uuid": "1d592e8d-c723-44aa-989b-01b65bd3d308",
        "title": "PoaNetworkConsensusMock",
        "fullFile": "",
        "file": "",
        "beforeHooks": [
          {
            "title": "\"before all\" hook: prepare suite",
            "fullTitle": "PoaNetworkConsensusMock \"before all\" hook: prepare suite",
            "timedOut": false,
            "duration": 0,
            "pass": false,
            "fail": false,
            "pending": false,
            "code": "series([\n  runner.initialize.bind(runner),\n  self.compileNewAbstractInterface.bind(this, runner),\n  self.deployTestDependencies.bind(this, abstraction, dependency_paths, runner)\n], done);",
            "err": {},
            "isRoot": false,
            "uuid": "6e0c33df-2f6b-418a-a623-4424ad7d2dcd",
            "isHook": true,
            "skipped": false
          },
          {
            "title": "\"before each\" hook: before test",
            "fullTitle": "PoaNetworkConsensusMock \"before each\" hook: before test",
            "timedOut": false,
            "duration": 0,
            "pass": false,
            "fail": false,
            "pending": false,
            "code": "runner.startTest(this, done);",
            "err": {},
            "isRoot": false,
            "uuid": "9663de5e-cd0e-4105-8e0d-761a2a0e0213",
            "isHook": true,
            "skipped": false
          }
        ],
        "afterHooks": [
          {
            "title": "\"after each\" hook: after test",
            "fullTitle": "PoaNetworkConsensusMock \"after each\" hook: after test",
            "timedOut": false,
            "duration": 0,
            "pass": false,
            "fail": false,
            "pending": false,
            "code": "runner.endTest(this, done);",
            "err": {},
            "isRoot": false,
            "uuid": "e0ab05b2-dcc5-4e16-8890-b5fd24408dd0",
            "isHook": true,
            "skipped": false
          }
        ],
        "tests": [],
        "suites": [],
        "passes": [],
        "failures": [],
        "pending": [],
        "skipped": [],
        "duration": 0,
        "root": false,
        "rootEmpty": false,
        "_timeout": 2000
      },
      {
        "uuid": "da490d1a-301e-45bb-8c67-d7a1f78c9041",
        "title": "ProxyStorageMock",
        "fullFile": "",
        "file": "",
        "beforeHooks": [
          {
            "title": "\"before all\" hook: prepare suite",
            "fullTitle": "ProxyStorageMock \"before all\" hook: prepare suite",
            "timedOut": false,
            "duration": 0,
            "pass": false,
            "fail": false,
            "pending": false,
            "code": "series([\n  runner.initialize.bind(runner),\n  self.compileNewAbstractInterface.bind(this, runner),\n  self.deployTestDependencies.bind(this, abstraction, dependency_paths, runner)\n], done);",
            "err": {},
            "isRoot": false,
            "uuid": "03edb90f-9bca-445b-9f1b-328eefbf5c2e",
            "isHook": true,
            "skipped": false
          },
          {
            "title": "\"before each\" hook: before test",
            "fullTitle": "ProxyStorageMock \"before each\" hook: before test",
            "timedOut": false,
            "duration": 0,
            "pass": false,
            "fail": false,
            "pending": false,
            "code": "runner.startTest(this, done);",
            "err": {},
            "isRoot": false,
            "uuid": "a003d090-5dfb-4d92-8d44-4b7003d01b2d",
            "isHook": true,
            "skipped": false
          }
        ],
        "afterHooks": [
          {
            "title": "\"after each\" hook: after test",
            "fullTitle": "ProxyStorageMock \"after each\" hook: after test",
            "timedOut": false,
            "duration": 0,
            "pass": false,
            "fail": false,
            "pending": false,
            "code": "runner.endTest(this, done);",
            "err": {},
            "isRoot": false,
            "uuid": "fd24fc91-85a5-40ba-b429-085227b68e72",
            "isHook": true,
            "skipped": false
          }
        ],
        "tests": [],
        "suites": [],
        "passes": [],
        "failures": [],
        "pending": [],
        "skipped": [],
        "duration": 0,
        "root": false,
        "rootEmpty": false,
        "_timeout": 2000
      },
      {
        "uuid": "48143a79-287e-4b0b-98db-88c6992c6565",
        "title": "ValidatorMetadataMock",
        "fullFile": "",
        "file": "",
        "beforeHooks": [
          {
            "title": "\"before all\" hook: prepare suite",
            "fullTitle": "ValidatorMetadataMock \"before all\" hook: prepare suite",
            "timedOut": false,
            "duration": 0,
            "pass": false,
            "fail": false,
            "pending": false,
            "code": "series([\n  runner.initialize.bind(runner),\n  self.compileNewAbstractInterface.bind(this, runner),\n  self.deployTestDependencies.bind(this, abstraction, dependency_paths, runner)\n], done);",
            "err": {},
            "isRoot": false,
            "uuid": "46c7b6c9-2c64-466c-a214-02aec5e5d8a9",
            "isHook": true,
            "skipped": false
          },
          {
            "title": "\"before each\" hook: before test",
            "fullTitle": "ValidatorMetadataMock \"before each\" hook: before test",
            "timedOut": false,
            "duration": 0,
            "pass": false,
            "fail": false,
            "pending": false,
            "code": "runner.startTest(this, done);",
            "err": {},
            "isRoot": false,
            "uuid": "11a20e1e-df14-427e-9ac8-be0c5da0a1d7",
            "isHook": true,
            "skipped": false
          }
        ],
        "afterHooks": [
          {
            "title": "\"after each\" hook: after test",
            "fullTitle": "ValidatorMetadataMock \"after each\" hook: after test",
            "timedOut": false,
            "duration": 0,
            "pass": false,
            "fail": false,
            "pending": false,
            "code": "runner.endTest(this, done);",
            "err": {},
            "isRoot": false,
            "uuid": "81781436-1c5f-40d2-8942-3d5730705dc3",
            "isHook": true,
            "skipped": false
          }
        ],
        "tests": [],
        "suites": [],
        "passes": [],
        "failures": [],
        "pending": [],
        "skipped": [],
        "duration": 0,
        "root": false,
        "rootEmpty": false,
        "_timeout": 2000
      },
      {
        "uuid": "18ebe140-4e50-4729-b4d1-d2cdba46b43d",
        "title": "VotingToChangeKeysMock",
        "fullFile": "",
        "file": "",
        "beforeHooks": [
          {
            "title": "\"before all\" hook: prepare suite",
            "fullTitle": "VotingToChangeKeysMock \"before all\" hook: prepare suite",
            "timedOut": false,
            "duration": 0,
            "pass": false,
            "fail": false,
            "pending": false,
            "code": "series([\n  runner.initialize.bind(runner),\n  self.compileNewAbstractInterface.bind(this, runner),\n  self.deployTestDependencies.bind(this, abstraction, dependency_paths, runner)\n], done);",
            "err": {},
            "isRoot": false,
            "uuid": "c95a2039-cbc3-474a-9ac9-cfbb7ebd6ae8",
            "isHook": true,
            "skipped": false
          },
          {
            "title": "\"before each\" hook: before test",
            "fullTitle": "VotingToChangeKeysMock \"before each\" hook: before test",
            "timedOut": false,
            "duration": 0,
            "pass": false,
            "fail": false,
            "pending": false,
            "code": "runner.startTest(this, done);",
            "err": {},
            "isRoot": false,
            "uuid": "c8111dbc-b43b-41a6-9c52-f87a05ac5b26",
            "isHook": true,
            "skipped": false
          }
        ],
        "afterHooks": [
          {
            "title": "\"after each\" hook: after test",
            "fullTitle": "VotingToChangeKeysMock \"after each\" hook: after test",
            "timedOut": false,
            "duration": 0,
            "pass": false,
            "fail": false,
            "pending": false,
            "code": "runner.endTest(this, done);",
            "err": {},
            "isRoot": false,
            "uuid": "9bf8e95a-f151-4b37-8846-fde49fcabcb6",
            "isHook": true,
            "skipped": false
          }
        ],
        "tests": [],
        "suites": [],
        "passes": [],
        "failures": [],
        "pending": [],
        "skipped": [],
        "duration": 0,
        "root": false,
        "rootEmpty": false,
        "_timeout": 2000
      },
      {
        "uuid": "a15b229c-29ba-45bc-a983-51d0793aa206",
        "title": "VotingToChangeMinThresholdMock",
        "fullFile": "",
        "file": "",
        "beforeHooks": [
          {
            "title": "\"before all\" hook: prepare suite",
            "fullTitle": "VotingToChangeMinThresholdMock \"before all\" hook: prepare suite",
            "timedOut": false,
            "duration": 0,
            "pass": false,
            "fail": false,
            "pending": false,
            "code": "series([\n  runner.initialize.bind(runner),\n  self.compileNewAbstractInterface.bind(this, runner),\n  self.deployTestDependencies.bind(this, abstraction, dependency_paths, runner)\n], done);",
            "err": {},
            "isRoot": false,
            "uuid": "81d7e91d-9f3a-4f18-ba63-7db5bef0aa2c",
            "isHook": true,
            "skipped": false
          },
          {
            "title": "\"before each\" hook: before test",
            "fullTitle": "VotingToChangeMinThresholdMock \"before each\" hook: before test",
            "timedOut": false,
            "duration": 0,
            "pass": false,
            "fail": false,
            "pending": false,
            "code": "runner.startTest(this, done);",
            "err": {},
            "isRoot": false,
            "uuid": "e1d8674e-556f-474f-9c0b-3b711b861054",
            "isHook": true,
            "skipped": false
          }
        ],
        "afterHooks": [
          {
            "title": "\"after each\" hook: after test",
            "fullTitle": "VotingToChangeMinThresholdMock \"after each\" hook: after test",
            "timedOut": false,
            "duration": 0,
            "pass": false,
            "fail": false,
            "pending": false,
            "code": "runner.endTest(this, done);",
            "err": {},
            "isRoot": false,
            "uuid": "c00d6684-5cd0-4a8d-abb8-2f4d8bcbd970",
            "isHook": true,
            "skipped": false
          }
        ],
        "tests": [],
        "suites": [],
        "passes": [],
        "failures": [],
        "pending": [],
        "skipped": [],
        "duration": 0,
        "root": false,
        "rootEmpty": false,
        "_timeout": 2000
      },
      {
        "uuid": "e1759655-b2fe-4ad2-8281-94e65c6d8956",
        "title": "VotingToChangeProxyAddressMock",
        "fullFile": "",
        "file": "",
        "beforeHooks": [
          {
            "title": "\"before all\" hook: prepare suite",
            "fullTitle": "VotingToChangeProxyAddressMock \"before all\" hook: prepare suite",
            "timedOut": false,
            "duration": 0,
            "pass": false,
            "fail": false,
            "pending": false,
            "code": "series([\n  runner.initialize.bind(runner),\n  self.compileNewAbstractInterface.bind(this, runner),\n  self.deployTestDependencies.bind(this, abstraction, dependency_paths, runner)\n], done);",
            "err": {},
            "isRoot": false,
            "uuid": "82cbf897-e948-4e02-9c7b-4fbaf9f65351",
            "isHook": true,
            "skipped": false
          },
          {
            "title": "\"before each\" hook: before test",
            "fullTitle": "VotingToChangeProxyAddressMock \"before each\" hook: before test",
            "timedOut": false,
            "duration": 0,
            "pass": false,
            "fail": false,
            "pending": false,
            "code": "runner.startTest(this, done);",
            "err": {},
            "isRoot": false,
            "uuid": "2dae1e33-a51a-4ef3-a487-c105e1265bad",
            "isHook": true,
            "skipped": false
          }
        ],
        "afterHooks": [
          {
            "title": "\"after each\" hook: after test",
            "fullTitle": "VotingToChangeProxyAddressMock \"after each\" hook: after test",
            "timedOut": false,
            "duration": 0,
            "pass": false,
            "fail": false,
            "pending": false,
            "code": "runner.endTest(this, done);",
            "err": {},
            "isRoot": false,
            "uuid": "1d26ac64-f8da-4e25-ae79-0e3832f6cf48",
            "isHook": true,
            "skipped": false
          }
        ],
        "tests": [],
        "suites": [],
        "passes": [],
        "failures": [],
        "pending": [],
        "skipped": [],
        "duration": 0,
        "root": false,
        "rootEmpty": false,
        "_timeout": 2000
      },
      {
        "uuid": "9903e7d9-b7dc-42a6-9f28-952018e33266",
        "title": "ValidatorMetadataNew",
        "fullFile": "",
        "file": "",
        "beforeHooks": [
          {
            "title": "\"before all\" hook: prepare suite",
            "fullTitle": "ValidatorMetadataNew \"before all\" hook: prepare suite",
            "timedOut": false,
            "duration": 0,
            "pass": false,
            "fail": false,
            "pending": false,
            "code": "series([\n  runner.initialize.bind(runner),\n  self.compileNewAbstractInterface.bind(this, runner),\n  self.deployTestDependencies.bind(this, abstraction, dependency_paths, runner)\n], done);",
            "err": {},
            "isRoot": false,
            "uuid": "b4ed54b7-05ac-4ba4-aceb-39c1656680bb",
            "isHook": true,
            "skipped": false
          },
          {
            "title": "\"before each\" hook: before test",
            "fullTitle": "ValidatorMetadataNew \"before each\" hook: before test",
            "timedOut": false,
            "duration": 0,
            "pass": false,
            "fail": false,
            "pending": false,
            "code": "runner.startTest(this, done);",
            "err": {},
            "isRoot": false,
            "uuid": "8dc960f9-1823-4868-a981-0452c3f1ddf7",
            "isHook": true,
            "skipped": false
          }
        ],
        "afterHooks": [
          {
            "title": "\"after each\" hook: after test",
            "fullTitle": "ValidatorMetadataNew \"after each\" hook: after test",
            "timedOut": false,
            "duration": 0,
            "pass": false,
            "fail": false,
            "pending": false,
            "code": "runner.endTest(this, done);",
            "err": {},
            "isRoot": false,
            "uuid": "856a8713-d1cf-4c01-af5c-0d826bcd645c",
            "isHook": true,
            "skipped": false
          }
        ],
        "tests": [],
        "suites": [],
        "passes": [],
        "failures": [],
        "pending": [],
        "skipped": [],
        "duration": 0,
        "root": false,
        "rootEmpty": false,
        "_timeout": 2000
      },
      {
        "uuid": "c760c4fd-efaa-4c90-aa67-44f69f867b39",
        "title": "Contract: BallotsStorage [all features]",
        "fullFile": "/home/travis/build/poanetwork/poa-network-consensus-contracts/test/ballots_storage_test.js",
        "file": "/test/ballots_storage_test.js",
        "beforeHooks": [
          {
            "title": "\"before all\" hook: prepare suite",
            "fullTitle": "Contract: BallotsStorage [all features] \"before all\" hook: prepare suite",
            "timedOut": false,
            "duration": 88,
            "pass": false,
            "fail": false,
            "pending": false,
            "code": "this.timeout(runner.BEFORE_TIMEOUT);\nrunner.initialize(done);",
            "err": {},
            "isRoot": false,
            "uuid": "5be20b84-c7f5-4436-9808-4e39dddbba37",
            "isHook": true,
            "skipped": false
          },
          {
            "title": "\"before each\" hook: before test",
            "fullTitle": "Contract: BallotsStorage [all features] \"before each\" hook: before test",
            "timedOut": false,
            "duration": 3,
            "pass": false,
            "fail": false,
            "pending": false,
            "code": "runner.startTest(this, done);",
            "err": {},
            "isRoot": false,
            "uuid": "847d86d1-c84f-4703-86f4-118af35c5996",
            "isHook": true,
            "skipped": false
          },
          {
            "title": "\"before each\" hook",
            "fullTitle": "Contract: BallotsStorage [all features] \"before each\" hook",
            "timedOut": false,
            "duration": 271,
            "pass": false,
            "fail": false,
            "pending": false,
            "code": "poaNetworkConsensus = await PoaNetworkConsensus.new(masterOfCeremony, []);\nproxyStorage = await ProxyStorageMock.new(poaNetworkConsensus.address);\nballotsStorageMock = await BallotsStorageMock.new(proxyStorage.address);\nkeysManager = await KeysManagerMock.new(proxyStorage.address, poaNetworkConsensus.address, masterOfCeremony, \"0x0000000000000000000000000000000000000000\");\nawait poaNetworkConsensus.setProxyStorage(proxyStorage.address);\nawait proxyStorage.initializeAddresses(\n  keysManager.address,\n  votingToChangeKeys,\n  votingToChangeMinThreshold,\n  votingToChangeProxy,\n  ballotsStorageMock.address,\n  validatorMetadataEternalStorage\n);",
            "err": {},
            "isRoot": false,
            "uuid": "6fece12d-e18a-4aa3-9e45-ba355c79eef3",
            "isHook": true,
            "skipped": false
          }
        ],
        "afterHooks": [
          {
            "title": "\"after each\" hook: after test",
            "fullTitle": "Contract: BallotsStorage [all features] \"after each\" hook: after test",
            "timedOut": false,
            "duration": 0,
            "pass": false,
            "fail": false,
            "pending": false,
            "code": "runner.endTest(this, done);",
            "err": {},
            "isRoot": false,
            "uuid": "f24dbb57-949b-4630-940e-1266f0b52119",
            "isHook": true,
            "skipped": false
          }
        ],
        "tests": [],
        "suites": [
          {
            "uuid": "0414f07e-9a46-46f2-8c7a-ff1be5272f25",
            "title": "#constructor",
            "fullFile": "/home/travis/build/poanetwork/poa-network-consensus-contracts/test/ballots_storage_test.js",
            "file": "/test/ballots_storage_test.js",
            "beforeHooks": [],
            "afterHooks": [],
            "tests": [
              {
                "title": "sets MoC and Poa",
                "fullTitle": "Contract: BallotsStorage [all features] #constructor sets MoC and Poa",
                "timedOut": false,
                "duration": 41,
                "state": "passed",
                "speed": "medium",
                "pass": true,
                "fail": false,
                "pending": false,
                "code": "new web3.BigNumber(3).should.be.bignumber.equal(\n  await ballotsStorageMock.getBallotThreshold(1)\n);\nnew web3.BigNumber(2).should.be.bignumber.equal(\n  await ballotsStorageMock.getBallotThreshold(2)\n);",
                "err": {},
                "isRoot": false,
                "uuid": "f0fea9fe-eec0-450d-a0cb-d8606fb047c1",
                "isHook": false,
                "skipped": false
              }
            ],
            "suites": [],
            "passes": [
              "f0fea9fe-eec0-450d-a0cb-d8606fb047c1"
            ],
            "failures": [],
            "pending": [],
            "skipped": [],
            "duration": 41,
            "root": false,
            "rootEmpty": false,
            "_timeout": 300000
          },
          {
            "uuid": "4390b633-6d08-435a-85a3-472b2456307c",
            "title": "#setThreshold",
            "fullFile": "/home/travis/build/poanetwork/poa-network-consensus-contracts/test/ballots_storage_test.js",
            "file": "/test/ballots_storage_test.js",
            "beforeHooks": [],
            "afterHooks": [],
            "tests": [
              {
                "title": "can only be called from votingToChangeThreshold address",
                "fullTitle": "Contract: BallotsStorage [all features] #setThreshold can only be called from votingToChangeThreshold address",
                "timedOut": false,
                "duration": 87,
                "state": "passed",
                "speed": "slow",
                "pass": true,
                "fail": false,
                "pending": false,
                "code": "await ballotsStorageMock.setThreshold(4, 1, {from: accounts[1]}).should.be.rejectedWith(ERROR_MSG);\nawait ballotsStorageMock.setThreshold(4, 1, {from: accounts[3]}).should.be.fulfilled;",
                "err": {},
                "isRoot": false,
                "uuid": "0572cca9-53d6-4ea5-a047-f37cc081553c",
                "isHook": false,
                "skipped": false
              },
              {
                "title": "cannot be set for Invalid threshold",
                "fullTitle": "Contract: BallotsStorage [all features] #setThreshold cannot be set for Invalid threshold",
                "timedOut": false,
                "duration": 136,
                "state": "passed",
                "speed": "slow",
                "pass": true,
                "fail": false,
                "pending": false,
                "code": "await ballotsStorageMock.setThreshold(5, 0, {from: accounts[3]}).should.be.rejectedWith(ERROR_MSG);\nawait ballotsStorageMock.setThreshold(5, -10, {from: accounts[3]}).should.be.rejectedWith(ERROR_MSG);\nawait ballotsStorageMock.setThreshold(5, -1, {from: accounts[3]}).should.be.rejectedWith(ERROR_MSG);\nawait ballotsStorageMock.setThreshold(5, 3, {from: accounts[3]}).should.be.rejectedWith(ERROR_MSG);",
                "err": {},
                "isRoot": false,
                "uuid": "c5647c93-4860-45ce-b737-eaa422fe3068",
                "isHook": false,
                "skipped": false
              },
              {
                "title": "new value cannot be equal to 0",
                "fullTitle": "Contract: BallotsStorage [all features] #setThreshold new value cannot be equal to 0",
                "timedOut": false,
                "duration": 131,
                "state": "passed",
                "speed": "slow",
                "pass": true,
                "fail": false,
                "pending": false,
                "code": "await ballotsStorageMock.setThreshold(0, 1, {from: accounts[3]}).should.be.rejectedWith(ERROR_MSG);\nawait ballotsStorageMock.setThreshold(0, 2, {from: accounts[3]}).should.be.rejectedWith(ERROR_MSG);\nawait ballotsStorageMock.setThreshold(4, 1, {from: accounts[3]}).should.be.fulfilled;\nawait ballotsStorageMock.setThreshold(4, 2, {from: accounts[3]}).should.be.fulfilled;",
                "err": {},
                "isRoot": false,
                "uuid": "ac2e10f8-5c46-48e2-b876-83b6e450c53e",
                "isHook": false,
                "skipped": false
              },
              {
                "title": "sets new value for Keys threshold",
                "fullTitle": "Contract: BallotsStorage [all features] #setThreshold sets new value for Keys threshold",
                "timedOut": false,
                "duration": 44,
                "state": "passed",
                "speed": "medium",
                "pass": true,
                "fail": false,
                "pending": false,
                "code": "await ballotsStorageMock.setThreshold(5, 1, {from: accounts[3]}).should.be.fulfilled; \nnew web3.BigNumber(5).should.be.bignumber.equal(await ballotsStorageMock.getBallotThreshold(1));",
                "err": {},
                "isRoot": false,
                "uuid": "0b759957-17e2-482b-a6a9-19e088b45103",
                "isHook": false,
                "skipped": false
              },
              {
                "title": "sets new value for MetadataChange threshold",
                "fullTitle": "Contract: BallotsStorage [all features] #setThreshold sets new value for MetadataChange threshold",
                "timedOut": false,
                "duration": 57,
                "state": "passed",
                "speed": "medium",
                "pass": true,
                "fail": false,
                "pending": false,
                "code": "await ballotsStorageMock.setThreshold(6, 2, {from: accounts[3]}).should.be.fulfilled;\nnew web3.BigNumber(6).should.be.bignumber.equal(await ballotsStorageMock.getBallotThreshold(2));",
                "err": {},
                "isRoot": false,
                "uuid": "eb4431e3-8a34-42a9-8769-0844c8c5ac03",
                "isHook": false,
                "skipped": false
              }
            ],
            "suites": [],
            "passes": [
              "0572cca9-53d6-4ea5-a047-f37cc081553c",
              "c5647c93-4860-45ce-b737-eaa422fe3068",
              "ac2e10f8-5c46-48e2-b876-83b6e450c53e",
              "0b759957-17e2-482b-a6a9-19e088b45103",
              "eb4431e3-8a34-42a9-8769-0844c8c5ac03"
            ],
            "failures": [],
            "pending": [],
            "skipped": [],
            "duration": 455,
            "root": false,
            "rootEmpty": false,
            "_timeout": 300000
          },
          {
            "uuid": "0d76b6c0-c955-4efc-a381-7a6abb14029c",
            "title": "#getTotalNumberOfValidators",
            "fullFile": "/home/travis/build/poanetwork/poa-network-consensus-contracts/test/ballots_storage_test.js",
            "file": "/test/ballots_storage_test.js",
            "beforeHooks": [],
            "afterHooks": [],
            "tests": [
              {
                "title": "returns total number of validators",
                "fullTitle": "Contract: BallotsStorage [all features] #getTotalNumberOfValidators returns total number of validators",
                "timedOut": false,
                "duration": 189,
                "state": "passed",
                "speed": "slow",
                "pass": true,
                "fail": false,
                "pending": false,
                "code": "await proxyStorage.setKeysManagerMock(masterOfCeremony);\nawait poaNetworkConsensus.addValidator(accounts[1], true);\nawait poaNetworkConsensus.setSystemAddress(masterOfCeremony);\nawait poaNetworkConsensus.finalizeChange().should.be.fulfilled;\nconst getValidators = await poaNetworkConsensus.getValidators();\nnew web3.BigNumber(2).should.be.bignumber.equal(getValidators.length);\nnew web3.BigNumber(2).should.be.bignumber.equal(await ballotsStorageMock.getTotalNumberOfValidators())",
                "err": {},
                "isRoot": false,
                "uuid": "c476eeeb-ded4-40e9-b307-66e2235809df",
                "isHook": false,
                "skipped": false
              }
            ],
            "suites": [],
            "passes": [
              "c476eeeb-ded4-40e9-b307-66e2235809df"
            ],
            "failures": [],
            "pending": [],
            "skipped": [],
            "duration": 189,
            "root": false,
            "rootEmpty": false,
            "_timeout": 300000
          },
          {
            "uuid": "f538e0e0-80ef-4736-8e5f-feda1de528db",
            "title": "#getProxyThreshold",
            "fullFile": "/home/travis/build/poanetwork/poa-network-consensus-contracts/test/ballots_storage_test.js",
            "file": "/test/ballots_storage_test.js",
            "beforeHooks": [],
            "afterHooks": [],
            "tests": [
              {
                "title": "returns total number of validators",
                "fullTitle": "Contract: BallotsStorage [all features] #getProxyThreshold returns total number of validators",
                "timedOut": false,
                "duration": 395,
                "state": "passed",
                "speed": "slow",
                "pass": true,
                "fail": false,
                "pending": false,
                "code": "new web3.BigNumber(1).should.be.bignumber.equal(await ballotsStorageMock.getProxyThreshold())\nawait proxyStorage.setKeysManagerMock(masterOfCeremony);\nawait poaNetworkConsensus.addValidator(accounts[1], true);\nawait poaNetworkConsensus.addValidator(accounts[2], true);\nawait poaNetworkConsensus.addValidator(accounts[3], true);\nawait poaNetworkConsensus.addValidator(accounts[4], true);\nawait poaNetworkConsensus.addValidator(accounts[5], true);\nawait poaNetworkConsensus.setSystemAddress(accounts[0]);\nawait poaNetworkConsensus.finalizeChange().should.be.fulfilled;\nconst getValidators = await poaNetworkConsensus.getValidators();\nnew web3.BigNumber(6).should.be.bignumber.equal(getValidators.length);\nnew web3.BigNumber(3).should.be.bignumber.equal(await ballotsStorageMock.getProxyThreshold())",
                "err": {},
                "isRoot": false,
                "uuid": "a287b36d-be73-4f16-b8c5-e9646a245302",
                "isHook": false,
                "skipped": false
              }
            ],
            "suites": [],
            "passes": [
              "a287b36d-be73-4f16-b8c5-e9646a245302"
            ],
            "failures": [],
            "pending": [],
            "skipped": [],
            "duration": 395,
            "root": false,
            "rootEmpty": false,
            "_timeout": 300000
          },
          {
            "uuid": "b6b69ecb-18a8-4a51-bd36-c8a24f1ec098",
            "title": "#getVotingToChangeThreshold",
            "fullFile": "/home/travis/build/poanetwork/poa-network-consensus-contracts/test/ballots_storage_test.js",
            "file": "/test/ballots_storage_test.js",
            "beforeHooks": [],
            "afterHooks": [],
            "tests": [
              {
                "title": "returns voting to change min threshold address",
                "fullTitle": "Contract: BallotsStorage [all features] #getVotingToChangeThreshold returns voting to change min threshold address",
                "timedOut": false,
                "duration": 59,
                "state": "passed",
                "speed": "medium",
                "pass": true,
                "fail": false,
                "pending": false,
                "code": "votingToChangeMinThreshold.should.be.equal(await ballotsStorageMock.getVotingToChangeThreshold())\nawait proxyStorage.setVotingToChangeMinThresholdMock(accounts[4]);\naccounts[4].should.be.equal(await ballotsStorageMock.getVotingToChangeThreshold())",
                "err": {},
                "isRoot": false,
                "uuid": "c431789c-9ab2-48eb-bd97-d065929d6dc6",
                "isHook": false,
                "skipped": false
              }
            ],
            "suites": [],
            "passes": [
              "c431789c-9ab2-48eb-bd97-d065929d6dc6"
            ],
            "failures": [],
            "pending": [],
            "skipped": [],
            "duration": 59,
            "root": false,
            "rootEmpty": false,
            "_timeout": 300000
          },
          {
            "uuid": "b4ef7a32-0e2d-4559-8ea7-926dba165626",
            "title": "#getBallotLimit",
            "fullFile": "/home/travis/build/poanetwork/poa-network-consensus-contracts/test/ballots_storage_test.js",
            "file": "/test/ballots_storage_test.js",
            "beforeHooks": [],
            "afterHooks": [],
            "tests": [
              {
                "title": "returns limit per validator to create ballots",
                "fullTitle": "Contract: BallotsStorage [all features] #getBallotLimit returns limit per validator to create ballots",
                "timedOut": false,
                "duration": 274,
                "state": "passed",
                "speed": "slow",
                "pass": true,
                "fail": false,
                "pending": false,
                "code": "let limit = await ballotsStorageMock.getBallotLimitPerValidator();\nlimit.should.be.bignumber.equal(200);\nawait keysManager.addMiningKey(accounts[1]).should.be.fulfilled;\nawait keysManager.addMiningKey(accounts[2]).should.be.fulfilled;\nawait poaNetworkConsensus.setSystemAddress(accounts[0]);\nawait poaNetworkConsensus.finalizeChange().should.be.fulfilled;\nlimit = await ballotsStorageMock.getBallotLimitPerValidator();\nlimit.should.be.bignumber.equal(100);",
                "err": {},
                "isRoot": false,
                "uuid": "67cd9d9c-786a-4567-840a-51324f9d3a54",
                "isHook": false,
                "skipped": false
              }
            ],
            "suites": [],
            "passes": [
              "67cd9d9c-786a-4567-840a-51324f9d3a54"
            ],
            "failures": [],
            "pending": [],
            "skipped": [],
            "duration": 274,
            "root": false,
            "rootEmpty": false,
            "_timeout": 300000
          }
        ],
        "passes": [],
        "failures": [],
        "pending": [],
        "skipped": [],
        "duration": 0,
        "root": false,
        "rootEmpty": false,
        "_timeout": 300000
      },
      {
        "uuid": "c0cd22a7-263c-4fb9-b74f-f43ea3c857e6",
        "title": "Contract: KeysManager [all features]",
        "fullFile": "/home/travis/build/poanetwork/poa-network-consensus-contracts/test/keys_manager_test.js",
        "file": "/test/keys_manager_test.js",
        "beforeHooks": [
          {
            "title": "\"before all\" hook: prepare suite",
            "fullTitle": "Contract: KeysManager [all features] \"before all\" hook: prepare suite",
            "timedOut": false,
            "duration": 311,
            "pass": false,
            "fail": false,
            "pending": false,
            "code": "this.timeout(runner.BEFORE_TIMEOUT);\nrunner.initialize(done);",
            "err": {},
            "isRoot": false,
            "uuid": "c785e1df-3652-4008-94fd-ff9a93585dd5",
            "isHook": true,
            "skipped": false
          },
          {
            "title": "\"before each\" hook: before test",
            "fullTitle": "Contract: KeysManager [all features] \"before each\" hook: before test",
            "timedOut": false,
            "duration": 3,
            "pass": false,
            "fail": false,
            "pending": false,
            "code": "runner.startTest(this, done);",
            "err": {},
            "isRoot": false,
            "uuid": "e6c2f7ca-32a4-41f4-9bec-7cfbdc8d1da4",
            "isHook": true,
            "skipped": false
          },
          {
            "title": "\"before each\" hook",
            "fullTitle": "Contract: KeysManager [all features] \"before each\" hook",
            "timedOut": false,
            "duration": 220,
            "pass": false,
            "fail": false,
            "pending": false,
            "code": "poaNetworkConsensusMock = await PoaNetworkConsensusMock.new(masterOfCeremony, []);\nproxyStorageMock = await ProxyStorageMock.new(poaNetworkConsensusMock.address);\nkeysManager = await KeysManagerMock.new(proxyStorageMock.address, poaNetworkConsensusMock.address, masterOfCeremony, \"0x0000000000000000000000000000000000000000\");\nawait poaNetworkConsensusMock.setProxyStorage(proxyStorageMock.address);\nawait proxyStorageMock.initializeAddresses(\n  keysManager.address,\n  masterOfCeremony,\n  masterOfCeremony,\n  masterOfCeremony,\n  masterOfCeremony,\n  masterOfCeremony\n);",
            "err": {},
            "isRoot": false,
            "uuid": "67bba529-5b49-4ea8-9626-02267a0cf202",
            "isHook": true,
            "skipped": false
          }
        ],
        "afterHooks": [
          {
            "title": "\"after each\" hook: after test",
            "fullTitle": "Contract: KeysManager [all features] \"after each\" hook: after test",
            "timedOut": false,
            "duration": 0,
            "pass": false,
            "fail": false,
            "pending": false,
            "code": "runner.endTest(this, done);",
            "err": {},
            "isRoot": false,
            "uuid": "0ae2de69-647c-49f2-a78b-a43385e04b68",
            "isHook": true,
            "skipped": false
          }
        ],
        "tests": [],
        "suites": [
          {
            "uuid": "e3672766-8be0-413b-abc5-3e771eb2c213",
            "title": "#constructor",
            "fullFile": "/home/travis/build/poanetwork/poa-network-consensus-contracts/test/keys_manager_test.js",
            "file": "/test/keys_manager_test.js",
            "beforeHooks": [],
            "afterHooks": [],
            "tests": [
              {
                "title": "sets masterOfCeremony, proxyStorage, poaConsensus",
                "fullTitle": "Contract: KeysManager [all features] #constructor sets masterOfCeremony, proxyStorage, poaConsensus",
                "timedOut": false,
                "duration": 46,
                "state": "passed",
                "speed": "medium",
                "pass": true,
                "fail": false,
                "pending": false,
                "code": "masterOfCeremony.should.be.equal(await keysManager.masterOfCeremony());\nproxyStorageMock.address.should.be.equal(await keysManager.proxyStorage());\npoaNetworkConsensusMock.address.should.be.equal(await keysManager.poaNetworkConsensus());",
                "err": {},
                "isRoot": false,
                "uuid": "640199cc-a1c8-4824-a541-0beec702dc92",
                "isHook": false,
                "skipped": false
              },
              {
                "title": "adds masterOfCeremony to validators hash",
                "fullTitle": "Contract: KeysManager [all features] #constructor adds masterOfCeremony to validators hash",
                "timedOut": false,
                "duration": 15,
                "state": "passed",
                "speed": "fast",
                "pass": true,
                "fail": false,
                "pending": false,
                "code": "const validator = await keysManager.validatorKeys(masterOfCeremony);\nvalidator.should.be.deep.equal(\n  [ '0x0000000000000000000000000000000000000000',\n  '0x0000000000000000000000000000000000000000',\n  true,\n  false,\n  false]\n)",
                "err": {},
                "isRoot": false,
                "uuid": "f682b9a3-15b6-4ae6-ab87-1e1fac65ce92",
                "isHook": false,
                "skipped": false
              }
            ],
            "suites": [],
            "passes": [
              "640199cc-a1c8-4824-a541-0beec702dc92",
              "f682b9a3-15b6-4ae6-ab87-1e1fac65ce92"
            ],
            "failures": [],
            "pending": [],
            "skipped": [],
            "duration": 61,
            "root": false,
            "rootEmpty": false,
            "_timeout": 300000
          },
          {
            "uuid": "dc327352-b286-40ff-92e2-f5fc0bad342a",
            "title": "#initiateKeys",
            "fullFile": "/home/travis/build/poanetwork/poa-network-consensus-contracts/test/keys_manager_test.js",
            "file": "/test/keys_manager_test.js",
            "beforeHooks": [],
            "afterHooks": [],
            "tests": [
              {
                "title": "can only be called by master of ceremony",
                "fullTitle": "Contract: KeysManager [all features] #initiateKeys can only be called by master of ceremony",
                "timedOut": false,
                "duration": 51,
                "state": "passed",
                "speed": "medium",
                "pass": true,
                "fail": false,
                "pending": false,
                "code": "await keysManager.initiateKeys(accounts[2], {from: accounts[1]}).should.be.rejectedWith(ERROR_MSG);\nawait keysManager.initiateKeys(accounts[2], {from: masterOfCeremony}).should.be.fulfilled;",
                "err": {},
                "isRoot": false,
                "uuid": "ea6bce17-908a-446c-a4a1-c9ed2611b121",
                "isHook": false,
                "skipped": false
              },
              {
                "title": "cannot allow 0x0 addresses",
                "fullTitle": "Contract: KeysManager [all features] #initiateKeys cannot allow 0x0 addresses",
                "timedOut": false,
                "duration": 47,
                "state": "passed",
                "speed": "medium",
                "pass": true,
                "fail": false,
                "pending": false,
                "code": "await keysManager.initiateKeys('0x0000000000000000000000000000000000000000').should.be.rejectedWith(ERROR_MSG);\nawait keysManager.initiateKeys('0x0').should.be.rejectedWith(ERROR_MSG);",
                "err": {},
                "isRoot": false,
                "uuid": "c37a5786-d38a-4c61-90cb-e496f58a65c7",
                "isHook": false,
                "skipped": false
              },
              {
                "title": "should not allow to initialize already initialized key",
                "fullTitle": "Contract: KeysManager [all features] #initiateKeys should not allow to initialize already initialized key",
                "timedOut": false,
                "duration": 56,
                "state": "passed",
                "speed": "medium",
                "pass": true,
                "fail": false,
                "pending": false,
                "code": "await keysManager.initiateKeys(accounts[2], {from: masterOfCeremony}).should.be.fulfilled;   \nawait keysManager.initiateKeys(accounts[2], {from: masterOfCeremony}).should.be.rejectedWith(ERROR_MSG);",
                "err": {},
                "isRoot": false,
                "uuid": "d7b21348-04df-49c1-9935-ce729fdaeed9",
                "isHook": false,
                "skipped": false
              },
              {
                "title": "should not allow to initialize already initialized key after validator created mining key",
                "fullTitle": "Contract: KeysManager [all features] #initiateKeys should not allow to initialize already initialized key after validator created mining key",
                "timedOut": false,
                "duration": 117,
                "state": "passed",
                "speed": "slow",
                "pass": true,
                "fail": false,
                "pending": false,
                "code": "await keysManager.initiateKeys(accounts[2], {from: masterOfCeremony}).should.be.fulfilled;   \nawait keysManager.createKeys(accounts[3],accounts[4],accounts[5], {from: accounts[2]}).should.be.fulfilled;\nawait keysManager.initiateKeys(accounts[2], {from: masterOfCeremony}).should.be.rejectedWith(ERROR_MSG);",
                "err": {},
                "isRoot": false,
                "uuid": "53ca1fef-0c01-4d13-8341-d6a821f8d4d0",
                "isHook": false,
                "skipped": false
              },
              {
                "title": "should not equal to master of ceremony",
                "fullTitle": "Contract: KeysManager [all features] #initiateKeys should not equal to master of ceremony",
                "timedOut": false,
                "duration": 52,
                "state": "passed",
                "speed": "medium",
                "pass": true,
                "fail": false,
                "pending": false,
                "code": "await keysManager.initiateKeys(masterOfCeremony, {from: masterOfCeremony}).should.be.rejectedWith(ERROR_MSG);",
                "err": {},
                "isRoot": false,
                "uuid": "4192e646-6e10-4561-b29d-90ab462d71a2",
                "isHook": false,
                "skipped": false
              },
              {
                "title": "should not allow to initialize more than maxNumberOfInitialKeys",
                "fullTitle": "Contract: KeysManager [all features] #initiateKeys should not allow to initialize more than maxNumberOfInitialKeys",
                "timedOut": false,
                "duration": 135,
                "state": "passed",
                "speed": "slow",
                "pass": true,
                "fail": false,
                "pending": false,
                "code": "await keysManager.setMaxNumberOfInitialKeys(2);\nlet maxNumberOfInitialKeys = await keysManager.maxNumberOfInitialKeys();\nmaxNumberOfInitialKeys.should.be.bignumber.equal(2);\nawait keysManager.initiateKeys(accounts[1], {from: masterOfCeremony}).should.be.fulfilled;\nawait keysManager.initiateKeys(accounts[2], {from: masterOfCeremony}).should.be.fulfilled;\nawait keysManager.initiateKeys(accounts[3], {from: masterOfCeremony}).should.be.rejectedWith(ERROR_MSG);",
                "err": {},
                "isRoot": false,
                "uuid": "ec0ce8cd-7b7e-42d8-84d7-a157e6fc5fca",
                "isHook": false,
                "skipped": false
              },
              {
                "title": "should not allow to initialize more than maxNumberOfInitialKeys",
                "fullTitle": "Contract: KeysManager [all features] #initiateKeys should not allow to initialize more than maxNumberOfInitialKeys",
                "timedOut": false,
                "duration": 424,
                "state": "passed",
                "speed": "slow",
                "pass": true,
                "fail": false,
                "pending": false,
                "code": "let maxNumberOfInitialKeys = await keysManager.maxNumberOfInitialKeys();\nmaxNumberOfInitialKeys.should.be.bignumber.equal(12);\nawait keysManager.initiateKeys('0x0000000000000000000000000000000000000001', {from: masterOfCeremony}).should.be.fulfilled;\nawait keysManager.initiateKeys('0x0000000000000000000000000000000000000002', {from: masterOfCeremony}).should.be.fulfilled;\nawait keysManager.initiateKeys('0x0000000000000000000000000000000000000003', {from: masterOfCeremony}).should.be.fulfilled;\nawait keysManager.initiateKeys('0x0000000000000000000000000000000000000004', {from: masterOfCeremony}).should.be.fulfilled;\nawait keysManager.initiateKeys('0x0000000000000000000000000000000000000005', {from: masterOfCeremony}).should.be.fulfilled;\nawait keysManager.initiateKeys('0x0000000000000000000000000000000000000006', {from: masterOfCeremony}).should.be.fulfilled;\nawait keysManager.initiateKeys('0x0000000000000000000000000000000000000007', {from: masterOfCeremony}).should.be.fulfilled;\nawait keysManager.initiateKeys('0x0000000000000000000000000000000000000008', {from: masterOfCeremony}).should.be.fulfilled;\nawait keysManager.initiateKeys('0x0000000000000000000000000000000000000009', {from: masterOfCeremony}).should.be.fulfilled;\nawait keysManager.initiateKeys('0x0000000000000000000000000000000000000010', {from: masterOfCeremony}).should.be.fulfilled;\nawait keysManager.initiateKeys('0x0000000000000000000000000000000000000011', {from: masterOfCeremony}).should.be.fulfilled;\nawait keysManager.initiateKeys('0x0000000000000000000000000000000000000012', {from: masterOfCeremony}).should.be.fulfilled;\nawait keysManager.initiateKeys('0x0000000000000000000000000000000000000013', {from: masterOfCeremony}).should.be.rejectedWith(ERROR_MSG);",
                "err": {},
                "isRoot": false,
                "uuid": "c46d6c90-fb45-483a-8978-7d8f0deefe2e",
                "isHook": false,
                "skipped": false
              },
              {
                "title": "should increment initialKeyCount by 1",
                "fullTitle": "Contract: KeysManager [all features] #initiateKeys should increment initialKeyCount by 1",
                "timedOut": false,
                "duration": 60,
                "state": "passed",
                "speed": "medium",
                "pass": true,
                "fail": false,
                "pending": false,
                "code": "let initialKeysCount = await keysManager.initialKeysCount();\ninitialKeysCount.should.be.bignumber.equal(0);\nawait keysManager.initiateKeys(accounts[1], {from: masterOfCeremony}).should.be.fulfilled;\ninitialKeysCount = await keysManager.initialKeysCount();\ninitialKeysCount.should.be.bignumber.equal(1);",
                "err": {},
                "isRoot": false,
                "uuid": "c6f5f761-55b8-4fe5-a74a-1dc15dd21f33",
                "isHook": false,
                "skipped": false
              },
              {
                "title": "should set initialKeys hash to activated status",
                "fullTitle": "Contract: KeysManager [all features] #initiateKeys should set initialKeys hash to activated status",
                "timedOut": false,
                "duration": 78,
                "state": "passed",
                "speed": "slow",
                "pass": true,
                "fail": false,
                "pending": false,
                "code": "new web3.BigNumber(0).should.be.bignumber.equal(await keysManager.initialKeys(accounts[1]));\nconst {logs} = await keysManager.initiateKeys(accounts[1], {from: masterOfCeremony}).should.be.fulfilled;\nnew web3.BigNumber(1).should.be.bignumber.equal(await keysManager.initialKeys(accounts[1]));\nlet initialKeysCount = await keysManager.initialKeysCount();\n// event InitialKeyCreated(address indexed initialKey, uint256 time, uint256 initialKeysCount);\nlogs[0].event.should.equal(\"InitialKeyCreated\");\nlogs[0].args.initialKey.should.be.equal(accounts[1]);\ninitialKeysCount.should.be.bignumber.equal(logs[0].args.initialKeysCount);",
                "err": {},
                "isRoot": false,
                "uuid": "532ffa2c-6aa0-4a7c-a86b-375baec5e6c9",
                "isHook": false,
                "skipped": false
              }
            ],
            "suites": [],
            "passes": [
              "ea6bce17-908a-446c-a4a1-c9ed2611b121",
              "c37a5786-d38a-4c61-90cb-e496f58a65c7",
              "d7b21348-04df-49c1-9935-ce729fdaeed9",
              "53ca1fef-0c01-4d13-8341-d6a821f8d4d0",
              "4192e646-6e10-4561-b29d-90ab462d71a2",
              "ec0ce8cd-7b7e-42d8-84d7-a157e6fc5fca",
              "c46d6c90-fb45-483a-8978-7d8f0deefe2e",
              "c6f5f761-55b8-4fe5-a74a-1dc15dd21f33",
              "532ffa2c-6aa0-4a7c-a86b-375baec5e6c9"
            ],
            "failures": [],
            "pending": [],
            "skipped": [],
            "duration": 1020,
            "root": false,
            "rootEmpty": false,
            "_timeout": 300000
          },
          {
            "uuid": "8c68b80d-deef-4ab2-ad0f-456bbf8b3352",
            "title": "#createKeys",
            "fullFile": "/home/travis/build/poanetwork/poa-network-consensus-contracts/test/keys_manager_test.js",
            "file": "/test/keys_manager_test.js",
            "beforeHooks": [],
            "afterHooks": [],
            "tests": [
              {
                "title": "should only be called from initialized key",
                "fullTitle": "Contract: KeysManager [all features] #createKeys should only be called from initialized key",
                "timedOut": false,
                "duration": 118,
                "state": "passed",
                "speed": "slow",
                "pass": true,
                "fail": false,
                "pending": false,
                "code": "await keysManager.createKeys(accounts[2], accounts[3], accounts[4], {from: accounts[1]}).should.be.rejectedWith(ERROR_MSG);\nawait keysManager.initiateKeys(accounts[1], {from: masterOfCeremony}).should.be.fulfilled;\nawait keysManager.createKeys(accounts[2], accounts[3], accounts[4], {from: accounts[1]}).should.be.fulfilled;",
                "err": {},
                "isRoot": false,
                "uuid": "09d2c4b2-4694-44e6-a510-64fece635c8e",
                "isHook": false,
                "skipped": false
              },
              {
                "title": "params should not be equal to each other",
                "fullTitle": "Contract: KeysManager [all features] #createKeys params should not be equal to each other",
                "timedOut": false,
                "duration": 95,
                "state": "passed",
                "speed": "slow",
                "pass": true,
                "fail": false,
                "pending": false,
                "code": "await keysManager.initiateKeys(accounts[1], {from: masterOfCeremony}).should.be.fulfilled;\nawait keysManager.createKeys(masterOfCeremony, masterOfCeremony, accounts[2], {from: accounts[1]}).should.be.rejectedWith(ERROR_MSG);\nawait keysManager.createKeys(masterOfCeremony, accounts[2], accounts[2], {from: accounts[1]}).should.be.rejectedWith(ERROR_MSG);\nawait keysManager.createKeys(masterOfCeremony, accounts[2], masterOfCeremony, {from: accounts[1]}).should.be.rejectedWith(ERROR_MSG);",
                "err": {},
                "isRoot": false,
                "uuid": "58caa013-8ae3-4294-bb31-9afd196597cf",
                "isHook": false,
                "skipped": false
              },
              {
                "title": "any of params should not be equal to initialKey",
                "fullTitle": "Contract: KeysManager [all features] #createKeys any of params should not be equal to initialKey",
                "timedOut": false,
                "duration": 90,
                "state": "passed",
                "speed": "slow",
                "pass": true,
                "fail": false,
                "pending": false,
                "code": "await keysManager.initiateKeys(accounts[1], {from: masterOfCeremony}).should.be.fulfilled;\nawait keysManager.createKeys(accounts[1], masterOfCeremony, accounts[2], {from: accounts[1]}).should.be.rejectedWith(ERROR_MSG);\nawait keysManager.createKeys(masterOfCeremony, accounts[1], accounts[2], {from: accounts[1]}).should.be.rejectedWith(ERROR_MSG);\nawait keysManager.createKeys(masterOfCeremony, accounts[2], accounts[1], {from: accounts[1]}).should.be.rejectedWith(ERROR_MSG);",
                "err": {},
                "isRoot": false,
                "uuid": "4b5c07fa-cf69-4ef3-9359-89a463823de6",
                "isHook": false,
                "skipped": false
              },
              {
                "title": "should assign mining, voting, payout keys to relative mappings",
                "fullTitle": "Contract: KeysManager [all features] #createKeys should assign mining, voting, payout keys to relative mappings",
                "timedOut": false,
                "duration": 162,
                "state": "passed",
                "speed": "slow",
                "pass": true,
                "fail": false,
                "pending": false,
                "code": "await keysManager.initiateKeys(accounts[1], {from: masterOfCeremony}).should.be.fulfilled;\nconst {logs} = await keysManager.createKeys(accounts[4], accounts[3], accounts[2], {from: accounts[1]}).should.be.fulfilled;\ntrue.should.be.equal(\n  await keysManager.isMiningActive(accounts[4])\n)\ntrue.should.be.equal(\n  await keysManager.isVotingActive(accounts[3])\n)\ntrue.should.be.equal(\n  await keysManager.isPayoutActive(accounts[4])\n)\n// event ValidatorInitialized(address indexed miningKey, address indexed votingKey, address indexed payoutKey);\nlogs[0].event.should.be.equal('ValidatorInitialized');\nlogs[0].args.miningKey.should.be.equal(accounts[4]);\nlogs[0].args.votingKey.should.be.equal(accounts[3]);\nlogs[0].args.payoutKey.should.be.equal(accounts[2]);",
                "err": {},
                "isRoot": false,
                "uuid": "81e4986e-65d1-4b89-81e4-61c304791bbf",
                "isHook": false,
                "skipped": false
              },
              {
                "title": "should assigns voting <-> mining key relationship",
                "fullTitle": "Contract: KeysManager [all features] #createKeys should assigns voting <-> mining key relationship",
                "timedOut": false,
                "duration": 114,
                "state": "passed",
                "speed": "slow",
                "pass": true,
                "fail": false,
                "pending": false,
                "code": "await keysManager.initiateKeys(accounts[1], {from: masterOfCeremony}).should.be.fulfilled;\nawait keysManager.createKeys(accounts[4], accounts[3], accounts[2], {from: accounts[1]});\nconst miningKey = await keysManager.getMiningKeyByVoting(accounts[3]);\nminingKey.should.be.equal(accounts[4]);",
                "err": {},
                "isRoot": false,
                "uuid": "c8e8600c-daaf-47e4-8718-1593e16f931c",
                "isHook": false,
                "skipped": false
              },
              {
                "title": "adds validator to poaConsensus contract",
                "fullTitle": "Contract: KeysManager [all features] #createKeys adds validator to poaConsensus contract",
                "timedOut": false,
                "duration": 115,
                "state": "passed",
                "speed": "slow",
                "pass": true,
                "fail": false,
                "pending": false,
                "code": "let miningKey = accounts[4];\nawait keysManager.initiateKeys(accounts[1], {from: masterOfCeremony}).should.be.fulfilled;\nawait keysManager.createKeys(miningKey, accounts[3], accounts[2], {from: accounts[1]});\nconst index = await poaNetworkConsensusMock.currentValidatorsLength();\n(await poaNetworkConsensusMock.pendingList(index)).should.be.equal(miningKey);",
                "err": {},
                "isRoot": false,
                "uuid": "976bfeb1-f7da-439c-ae9b-ca59f576c41a",
                "isHook": false,
                "skipped": false
              },
              {
                "title": "should set validatorKeys hash",
                "fullTitle": "Contract: KeysManager [all features] #createKeys should set validatorKeys hash",
                "timedOut": false,
                "duration": 145,
                "state": "passed",
                "speed": "slow",
                "pass": true,
                "fail": false,
                "pending": false,
                "code": "let miningKey = accounts[4];\nawait keysManager.initiateKeys(accounts[1], {from: masterOfCeremony}).should.be.fulfilled;\nawait keysManager.createKeys(miningKey, accounts[3], accounts[2], {from: accounts[1]});\nconst validatorKey = await keysManager.validatorKeys(miningKey);\nvalidatorKey.should.be.deep.equal([\n  accounts[3],\n  accounts[2],\n  true,\n  true,\n  true\n])",
                "err": {},
                "isRoot": false,
                "uuid": "7f61d1b4-a6ec-453e-851d-25f74f54a5ec",
                "isHook": false,
                "skipped": false
              },
              {
                "title": "should set validatorKeys hash",
                "fullTitle": "Contract: KeysManager [all features] #createKeys should set validatorKeys hash",
                "timedOut": false,
                "duration": 116,
                "state": "passed",
                "speed": "slow",
                "pass": true,
                "fail": false,
                "pending": false,
                "code": "let miningKey = accounts[4];\nawait keysManager.initiateKeys(accounts[1], {from: masterOfCeremony}).should.be.fulfilled;\nawait keysManager.createKeys(miningKey, accounts[3], accounts[2], {from: accounts[1]});\nnew web3.BigNumber(2).should.be.bignumber.equal(await keysManager.initialKeys(accounts[1]));",
                "err": {},
                "isRoot": false,
                "uuid": "7ff70958-721c-4032-afd3-3b70b29e0734",
                "isHook": false,
                "skipped": false
              }
            ],
            "suites": [],
            "passes": [
              "09d2c4b2-4694-44e6-a510-64fece635c8e",
              "58caa013-8ae3-4294-bb31-9afd196597cf",
              "4b5c07fa-cf69-4ef3-9359-89a463823de6",
              "81e4986e-65d1-4b89-81e4-61c304791bbf",
              "c8e8600c-daaf-47e4-8718-1593e16f931c",
              "976bfeb1-f7da-439c-ae9b-ca59f576c41a",
              "7f61d1b4-a6ec-453e-851d-25f74f54a5ec",
              "7ff70958-721c-4032-afd3-3b70b29e0734"
            ],
            "failures": [],
            "pending": [],
            "skipped": [],
            "duration": 955,
            "root": false,
            "rootEmpty": false,
            "_timeout": 300000
          },
          {
            "uuid": "2c155f1f-999a-4f1f-870b-7f5d5205feea",
            "title": "#addMiningKey",
            "fullFile": "/home/travis/build/poanetwork/poa-network-consensus-contracts/test/keys_manager_test.js",
            "file": "/test/keys_manager_test.js",
            "beforeHooks": [],
            "afterHooks": [],
            "tests": [
              {
                "title": "should only be called from votingToChangeKeys",
                "fullTitle": "Contract: KeysManager [all features] #addMiningKey should only be called from votingToChangeKeys",
                "timedOut": false,
                "duration": 100,
                "state": "passed",
                "speed": "slow",
                "pass": true,
                "fail": false,
                "pending": false,
                "code": "await keysManager.addMiningKey(accounts[1],{from: accounts[5]}).should.be.rejectedWith(ERROR_MSG);\nawait proxyStorageMock.setVotingContractMock(accounts[2]);\nawait keysManager.addMiningKey(accounts[1], {from: accounts[2]}).should.be.fulfilled;",
                "err": {},
                "isRoot": false,
                "uuid": "320cc1ea-61a6-4c76-acfe-af371742108c",
                "isHook": false,
                "skipped": false
              },
              {
                "title": "should not let add more than maxLimit",
                "fullTitle": "Contract: KeysManager [all features] #addMiningKey should not let add more than maxLimit",
                "timedOut": false,
                "duration": 48,
                "state": "passed",
                "speed": "medium",
                "pass": true,
                "fail": false,
                "pending": false,
                "code": "await poaNetworkConsensusMock.setCurrentValidatorsLength(2001);\nawait keysManager.addMiningKey(accounts[2]).should.be.rejectedWith(ERROR_MSG);",
                "err": {},
                "isRoot": false,
                "uuid": "5650ad19-1c1c-4adc-9bba-43f0775180ab",
                "isHook": false,
                "skipped": false
              },
              {
                "title": "should set validatorKeys hash",
                "fullTitle": "Contract: KeysManager [all features] #addMiningKey should set validatorKeys hash",
                "timedOut": false,
                "duration": 67,
                "state": "passed",
                "speed": "medium",
                "pass": true,
                "fail": false,
                "pending": false,
                "code": "const {logs} = await keysManager.addMiningKey(accounts[2]).should.be.fulfilled;\nconst validator = await keysManager.validatorKeys(accounts[2]);\nvalidator.should.be.deep.equal(\n  [ '0x0000000000000000000000000000000000000000',\n  '0x0000000000000000000000000000000000000000',\n  true,\n  false,\n  false]\n)\nlogs[0].event.should.be.equal('MiningKeyChanged');\nlogs[0].args.key.should.be.equal(accounts[2]);\nlogs[0].args.action.should.be.equal('added');",
                "err": {},
                "isRoot": false,
                "uuid": "6424e11b-711c-404f-8190-96de4ef45543",
                "isHook": false,
                "skipped": false
              }
            ],
            "suites": [],
            "passes": [
              "320cc1ea-61a6-4c76-acfe-af371742108c",
              "5650ad19-1c1c-4adc-9bba-43f0775180ab",
              "6424e11b-711c-404f-8190-96de4ef45543"
            ],
            "failures": [],
            "pending": [],
            "skipped": [],
            "duration": 215,
            "root": false,
            "rootEmpty": false,
            "_timeout": 300000
          },
          {
            "uuid": "31326282-f894-44b3-9c20-3083970f751a",
            "title": "#addVotingKey",
            "fullFile": "/home/travis/build/poanetwork/poa-network-consensus-contracts/test/keys_manager_test.js",
            "file": "/test/keys_manager_test.js",
            "beforeHooks": [],
            "afterHooks": [],
            "tests": [
              {
                "title": "should add VotingKey",
                "fullTitle": "Contract: KeysManager [all features] #addVotingKey should add VotingKey",
                "timedOut": false,
                "duration": 163,
                "state": "passed",
                "speed": "slow",
                "pass": true,
                "fail": false,
                "pending": false,
                "code": "await keysManager.addVotingKey(accounts[2],accounts[1], {from: accounts[3]}).should.be.rejectedWith(ERROR_MSG);\nawait keysManager.addMiningKey(accounts[1]).should.be.fulfilled;\nconst {logs} = await keysManager.addVotingKey(accounts[2], accounts[1]).should.be.fulfilled;\ntrue.should.be.equal(await keysManager.isVotingActive(accounts[2]));\nlogs[0].event.should.be.equal('VotingKeyChanged');\nlogs[0].args.key.should.be.equal(accounts[2]);\nlogs[0].args.miningKey.should.be.equal(accounts[1]);\nlogs[0].args.action.should.be.equal('added');\nconst miningKey = await keysManager.getMiningKeyByVoting(accounts[2]);\nminingKey.should.be.equal(accounts[1]);",
                "err": {},
                "isRoot": false,
                "uuid": "28fff6c5-76e9-4358-9139-7c1c626fe437",
                "isHook": false,
                "skipped": false
              },
              {
                "title": "should only be called if mining is active",
                "fullTitle": "Contract: KeysManager [all features] #addVotingKey should only be called if mining is active",
                "timedOut": false,
                "duration": 149,
                "state": "passed",
                "speed": "slow",
                "pass": true,
                "fail": false,
                "pending": false,
                "code": "await keysManager.addMiningKey(accounts[1]).should.be.fulfilled;\nawait keysManager.removeMiningKey(accounts[1]).should.be.fulfilled;\nawait keysManager.addVotingKey(accounts[2], accounts[1]).should.be.rejectedWith(ERROR_MSG);",
                "err": {},
                "isRoot": false,
                "uuid": "e93889d2-f5fd-41e3-934c-782e821df23e",
                "isHook": false,
                "skipped": false
              },
              {
                "title": "swaps keys if voting already exists",
                "fullTitle": "Contract: KeysManager [all features] #addVotingKey swaps keys if voting already exists",
                "timedOut": false,
                "duration": 178,
                "state": "passed",
                "speed": "slow",
                "pass": true,
                "fail": false,
                "pending": false,
                "code": "await keysManager.addMiningKey(accounts[1]).should.be.fulfilled;\nawait keysManager.addVotingKey(accounts[2], accounts[1]).should.be.fulfilled;\nawait keysManager.addVotingKey(accounts[3], accounts[1]).should.be.fulfilled;\nfalse.should.be.equal(await keysManager.isVotingActive(accounts[2]));\ntrue.should.be.equal(await keysManager.isVotingActive(accounts[3]));\nconst validator = await keysManager.validatorKeys(accounts[1]);\nvalidator.should.be.deep.equal(\n  [ accounts[3],\n  '0x0000000000000000000000000000000000000000',\n  true,\n  true,\n  false]\n)",
                "err": {},
                "isRoot": false,
                "uuid": "5f8984d8-4c0f-401f-b97e-025a24fdebe3",
                "isHook": false,
                "skipped": false
              }
            ],
            "suites": [],
            "passes": [
              "28fff6c5-76e9-4358-9139-7c1c626fe437",
              "e93889d2-f5fd-41e3-934c-782e821df23e",
              "5f8984d8-4c0f-401f-b97e-025a24fdebe3"
            ],
            "failures": [],
            "pending": [],
            "skipped": [],
            "duration": 490,
            "root": false,
            "rootEmpty": false,
            "_timeout": 300000
          },
          {
            "uuid": "dbb33a85-6dc5-48ea-a57a-fd465ae36c44",
            "title": "#addPayoutKey",
            "fullFile": "/home/travis/build/poanetwork/poa-network-consensus-contracts/test/keys_manager_test.js",
            "file": "/test/keys_manager_test.js",
            "beforeHooks": [],
            "afterHooks": [],
            "tests": [
              {
                "title": "should add PayoutKey",
                "fullTitle": "Contract: KeysManager [all features] #addPayoutKey should add PayoutKey",
                "timedOut": false,
                "duration": 123,
                "state": "passed",
                "speed": "slow",
                "pass": true,
                "fail": false,
                "pending": false,
                "code": "await keysManager.addPayoutKey(accounts[2],accounts[1]).should.be.rejectedWith(ERROR_MSG);\nawait keysManager.addMiningKey(accounts[1]).should.be.fulfilled;\nconst {logs} = await keysManager.addPayoutKey(accounts[2], accounts[1]).should.be.fulfilled;\nlogs[0].event.should.be.equal('PayoutKeyChanged');\nlogs[0].args.key.should.be.equal(accounts[2]);\nlogs[0].args.miningKey.should.be.equal(accounts[1]);\nlogs[0].args.action.should.be.equal('added');",
                "err": {},
                "isRoot": false,
                "uuid": "82c97651-4247-4478-8ddd-ceeaf2ee61b0",
                "isHook": false,
                "skipped": false
              },
              {
                "title": "should only be called if mining is active",
                "fullTitle": "Contract: KeysManager [all features] #addPayoutKey should only be called if mining is active",
                "timedOut": false,
                "duration": 158,
                "state": "passed",
                "speed": "slow",
                "pass": true,
                "fail": false,
                "pending": false,
                "code": "await keysManager.addMiningKey(accounts[1]).should.be.fulfilled;\nawait keysManager.removeMiningKey(accounts[1]).should.be.fulfilled;\nawait keysManager.addPayoutKey(accounts[2], accounts[1]).should.be.rejectedWith(ERROR_MSG);",
                "err": {},
                "isRoot": false,
                "uuid": "9661e593-8159-45e9-9fb8-ac709d3e68f9",
                "isHook": false,
                "skipped": false
              },
              {
                "title": "swaps keys if voting already exists",
                "fullTitle": "Contract: KeysManager [all features] #addPayoutKey swaps keys if voting already exists",
                "timedOut": false,
                "duration": 164,
                "state": "passed",
                "speed": "slow",
                "pass": true,
                "fail": false,
                "pending": false,
                "code": "await keysManager.addMiningKey(accounts[1]).should.be.fulfilled;\nawait keysManager.addPayoutKey(accounts[2], accounts[1]).should.be.fulfilled;\nawait keysManager.addPayoutKey(accounts[3], accounts[1]).should.be.fulfilled;\ntrue.should.be.equal(await keysManager.isPayoutActive(accounts[1]));\nconst validator = await keysManager.validatorKeys(accounts[1]);\nvalidator.should.be.deep.equal(\n  [ '0x0000000000000000000000000000000000000000',\n  accounts[3],\n  true,\n  false,\n  true]\n)",
                "err": {},
                "isRoot": false,
                "uuid": "d8513933-0290-49f6-ac9a-97f3643eaa10",
                "isHook": false,
                "skipped": false
              }
            ],
            "suites": [],
            "passes": [
              "82c97651-4247-4478-8ddd-ceeaf2ee61b0",
              "9661e593-8159-45e9-9fb8-ac709d3e68f9",
              "d8513933-0290-49f6-ac9a-97f3643eaa10"
            ],
            "failures": [],
            "pending": [],
            "skipped": [],
[...]
                "uuid": "fe98e810-461c-4ecd-a5be-8b8be9f576b1",
                "isHook": false,
                "skipped": false
              },
              {
                "title": "should not let vote after endTime key",
                "fullTitle": "Contract: VotingToChangeProxyAddress [all features] #vote should not let vote after endTime key",
                "timedOut": false,
                "duration": 122,
                "state": "passed",
                "speed": "slow",
                "pass": true,
                "fail": false,
                "pending": false,
                "code": "await voting.setTime(VOTING_END_DATE + 1);\nawait voting.vote(id, choice.reject, { from: votingKey }).should.be.rejectedWith(ERROR_MSG);",
                "err": {},
                "isRoot": false,
                "uuid": "77bbc165-0489-4199-ab9d-5f8fb50f7b8f",
                "isHook": false,
                "skipped": false
              },
              {
                "title": "should not let vote with already voted key",
                "fullTitle": "Contract: VotingToChangeProxyAddress [all features] #vote should not let vote with already voted key",
                "timedOut": false,
                "duration": 132,
                "state": "passed",
                "speed": "slow",
                "pass": true,
                "fail": false,
                "pending": false,
                "code": "await voting.setTime(VOTING_END_DATE);\nawait voting.vote(id, choice.reject, { from: votingKey }).should.be.fulfilled;\nawait voting.vote(id, choice.reject, { from: votingKey }).should.be.rejectedWith(ERROR_MSG);",
                "err": {},
                "isRoot": false,
                "uuid": "01c7afc2-5f77-4002-aa91-2194807c6882",
                "isHook": false,
                "skipped": false
              },
              {
                "title": "should not let vote with invalid choice",
                "fullTitle": "Contract: VotingToChangeProxyAddress [all features] #vote should not let vote with invalid choice",
                "timedOut": false,
                "duration": 122,
                "state": "passed",
                "speed": "slow",
                "pass": true,
                "fail": false,
                "pending": false,
                "code": "await voting.setTime(VOTING_END_DATE);\nawait voting.vote(id, 0, { from: votingKey }).should.be.rejectedWith(ERROR_MSG);\nawait voting.vote(id, 3, { from: votingKey }).should.be.rejectedWith(ERROR_MSG);",
                "err": {},
                "isRoot": false,
                "uuid": "b13ab078-c4d4-4d27-8d19-f9a79b33165f",
                "isHook": false,
                "skipped": false
              },
              {
                "title": "should not let vote with invalid id",
                "fullTitle": "Contract: VotingToChangeProxyAddress [all features] #vote should not let vote with invalid id",
                "timedOut": false,
                "duration": 123,
                "state": "passed",
                "speed": "slow",
                "pass": true,
                "fail": false,
                "pending": false,
                "code": "await voting.setTime(VOTING_END_DATE);\nawait voting.vote(99, 1, { from: votingKey }).should.be.rejectedWith(ERROR_MSG);\nawait voting.vote(-3, 1, { from: votingKey }).should.be.rejectedWith(ERROR_MSG);",
                "err": {},
                "isRoot": false,
                "uuid": "bb6d1eff-8db3-46db-b4b3-cb44cee5b2bc",
                "isHook": false,
                "skipped": false
              }
            ],
            "suites": [],
            "passes": [
              "5b4a4ca7-9548-406e-933f-6447b8990463",
              "deb8b59c-7869-4ffe-8ee9-3f21c2d50917",
              "845d3c9a-95a8-4e04-8beb-e67da3a4cdbc",
              "7847cf78-d983-4928-b5ff-12820f61e3cb",
              "fe98e810-461c-4ecd-a5be-8b8be9f576b1",
              "77bbc165-0489-4199-ab9d-5f8fb50f7b8f",
              "01c7afc2-5f77-4002-aa91-2194807c6882",
              "b13ab078-c4d4-4d27-8d19-f9a79b33165f",
              "bb6d1eff-8db3-46db-b4b3-cb44cee5b2bc"
            ],
            "failures": [],
            "pending": [],
            "skipped": [],
            "duration": 1381,
            "root": false,
            "rootEmpty": false,
            "_timeout": 300000
          },
          {
            "uuid": "e842c5f1-145b-4ed8-b72c-142be370c252",
            "title": "#finalize",
            "fullFile": "/home/travis/build/poanetwork/poa-network-consensus-contracts/test/voting_to_change_proxy_test.js",
            "file": "/test/voting_to_change_proxy_test.js",
            "beforeHooks": [
              {
                "title": "\"before each\" hook",
                "fullTitle": "Contract: VotingToChangeProxyAddress [all features] #finalize \"before each\" hook",
                "timedOut": false,
                "duration": 397,
                "pass": false,
                "fail": false,
                "pending": false,
                "code": "VOTING_START_DATE = moment.utc().add(20, 'seconds').unix();\nVOTING_END_DATE = moment.utc().add(10, 'days').unix();\nawait proxyStorageMock.setVotingContractMock(accounts[0]);\nawait keysManager.addMiningKey(accounts[1]).should.be.fulfilled;\nawait keysManager.addVotingKey(votingKey, accounts[1]).should.be.fulfilled;\nawait keysManager.addMiningKey(accounts[6]).should.be.fulfilled;\nawait keysManager.addVotingKey(votingKey2, accounts[6]).should.be.fulfilled;\nawait keysManager.addMiningKey(accounts[4]).should.be.fulfilled;\nawait keysManager.addVotingKey(votingKey3, accounts[4]).should.be.fulfilled;\nawait poaNetworkConsensusMock.setSystemAddress(accounts[0]);\nawait poaNetworkConsensusMock.finalizeChange().should.be.fulfilled;\nawait proxyStorageMock.setVotingContractMock(voting.address);",
                "err": {},
                "isRoot": false,
                "uuid": "eb240920-f60d-48f5-93bc-6b5a155b1eb2",
                "isHook": true,
                "skipped": false
              }
            ],
            "afterHooks": [],
            "tests": [
              {
                "title": "doesnot change if it did not pass minimum threshold",
                "fullTitle": "Contract: VotingToChangeProxyAddress [all features] #finalize doesnot change if it did not pass minimum threshold",
                "timedOut": false,
                "duration": 358,
                "state": "passed",
                "speed": "slow",
                "pass": true,
                "fail": false,
                "pending": false,
                "code": "let proposedValue = 5;\nlet contractType = 1; //keysManager\nvotingId = await voting.nextBallotId();\nawait voting.createBallotToChangeProxyAddress(\n  VOTING_START_DATE, VOTING_END_DATE, accounts[5], contractType, \"memo\", { from: votingKey }\n);\nawait voting.finalize(votingId, { from: votingKey }).should.be.rejectedWith(ERROR_MSG);\nawait voting.setTime(VOTING_START_DATE);\nawait voting.vote(votingId, choice.accept, { from: votingKey }).should.be.fulfilled;\n// await voting.vote(votingId, choice.accept, {from: votingKey2}).should.be.fulfilled;\nawait voting.setTime(VOTING_END_DATE + 1);\nconst { logs } = await voting.finalize(votingId, { from: votingKey }).should.be.fulfilled;\nawait voting.vote(votingId, choice.accept, { from: votingKey }).should.be.rejectedWith(ERROR_MSG);\nactiveBallotsLength = await voting.activeBallotsLength();\nactiveBallotsLength.should.be.bignumber.equal(0);\ntrue.should.be.equal(await voting.getIsFinalized(votingId));\n// Finalized(msg.sender);\nlogs[0].event.should.be.equal(\"BallotFinalized\");\nlogs[0].args.voter.should.be.equal(votingKey);\nconst votingState = await voting.votingState(votingId);\nvotingState.should.be.deep.equal([\n  new web3.BigNumber(VOTING_START_DATE),\n  new web3.BigNumber(VOTING_END_DATE),\n  new web3.BigNumber(1), //totalVoters\n  new web3.BigNumber(1), //progress\n  true, //isFinalized\n  new web3.BigNumber(3), //quorumState enum QuorumStates {Invalid, InProgress, Accepted, Rejected}\n  new web3.BigNumber(0), //index\n  new web3.BigNumber(2), //minThreshold\n  accounts[5], //porposedValue\n  new web3.BigNumber(contractType),\n  miningKeyForVotingKey, //creator\n  \"memo\"\n])\ntrue.should.be.equal(\n  await voting.hasAlreadyVoted(votingId, votingKey)\n);\nconst minThresholdOfVoters = await ballotsStorage.getBallotThreshold(1);\nminThresholdOfVoters.should.be.bignumber.equal(3);",
                "err": {},
                "isRoot": false,
                "uuid": "e4804ecd-5910-4c39-9f2b-5112283a3fec",
                "isHook": false,
                "skipped": false
              },
              {
                "title": "should change getKeysManager address",
                "fullTitle": "Contract: VotingToChangeProxyAddress [all features] #finalize should change getKeysManager address",
                "timedOut": false,
                "duration": 525,
                "state": "passed",
                "speed": "slow",
                "pass": true,
                "fail": false,
                "pending": false,
                "code": "let contractType = 1;\nlet newAddress = accounts[5];\nawait deployAndTest({contractType, newAddress})\nnewAddress.should.be.equal(await proxyStorageMock.getKeysManager());",
                "err": {},
                "isRoot": false,
                "uuid": "46cdd176-c6fc-4ba7-bb82-be7a008deeed",
                "isHook": false,
                "skipped": false
              },
              {
                "title": "should change getVotingToChangeKeys",
                "fullTitle": "Contract: VotingToChangeProxyAddress [all features] #finalize should change getVotingToChangeKeys",
                "timedOut": false,
                "duration": 614,
                "state": "passed",
                "speed": "slow",
                "pass": true,
                "fail": false,
                "pending": false,
                "code": "let contractType = 2;\nlet newAddress = accounts[5];\nawait deployAndTest({contractType, newAddress})\nnewAddress.should.be.equal(await proxyStorageMock.getVotingToChangeKeys());",
                "err": {},
                "isRoot": false,
                "uuid": "8f78af65-7091-4e1d-bb86-dd069a22ef2b",
                "isHook": false,
                "skipped": false
              },
              {
                "title": "should change getVotingToChangeMinThreshold",
                "fullTitle": "Contract: VotingToChangeProxyAddress [all features] #finalize should change getVotingToChangeMinThreshold",
                "timedOut": false,
                "duration": 675,
                "state": "passed",
                "speed": "slow",
                "pass": true,
                "fail": false,
                "pending": false,
                "code": "let contractType = 3;\nlet newAddress = accounts[5];\nawait deployAndTest({contractType, newAddress})\nnewAddress.should.be.equal(await proxyStorageMock.getVotingToChangeMinThreshold());",
                "err": {},
                "isRoot": false,
                "uuid": "ac7347e4-20fa-4d70-86da-527e6f17038c",
                "isHook": false,
                "skipped": false
              },
              {
                "title": "should change getVotingToChangeProxy",
                "fullTitle": "Contract: VotingToChangeProxyAddress [all features] #finalize should change getVotingToChangeProxy",
                "timedOut": false,
                "duration": 622,
                "state": "passed",
                "speed": "slow",
                "pass": true,
                "fail": false,
                "pending": false,
                "code": "let contractType = 4;\nlet newAddress = accounts[5];\nawait deployAndTest({contractType, newAddress})\nnewAddress.should.be.equal(await proxyStorageMock.getVotingToChangeProxy());",
                "err": {},
                "isRoot": false,
                "uuid": "336a0815-d3f1-456f-b2b7-c541e4edd858",
                "isHook": false,
                "skipped": false
              },
              {
                "title": "should change getBallotsStorage",
                "fullTitle": "Contract: VotingToChangeProxyAddress [all features] #finalize should change getBallotsStorage",
                "timedOut": false,
                "duration": 602,
                "state": "passed",
                "speed": "slow",
                "pass": true,
                "fail": false,
                "pending": false,
                "code": "let contractType = 5;\nlet newAddress = accounts[5];\nawait deployAndTest({contractType, newAddress})\nnewAddress.should.be.equal(await proxyStorageMock.getBallotsStorage());",
                "err": {},
                "isRoot": false,
                "uuid": "c0a5811b-dc2b-4ec3-8e56-8d77b8cd9baa",
                "isHook": false,
                "skipped": false
              },
              {
                "title": "should change ValidatorMetadata implementation",
                "fullTitle": "Contract: VotingToChangeProxyAddress [all features] #finalize should change ValidatorMetadata implementation",
                "timedOut": false,
                "duration": 625,
                "state": "passed",
                "speed": "slow",
                "pass": true,
                "fail": false,
                "pending": false,
                "code": "let contractType = 7;\nlet validatorMetadataNew = await ValidatorMetadata.new();\nlet newAddress = validatorMetadataNew.address;\nawait deployAndTest({contractType, newAddress})\nlet eternalProxyAddress = await proxyStorageMock.getValidatorMetadata();\nlet eternalProxy = await EternalStorageProxy.at(eternalProxyAddress);\nnewAddress.should.be.equal(await eternalProxy.implementation());",
                "err": {},
                "isRoot": false,
                "uuid": "cdf9f2ff-0ac4-4a0e-8344-2e29172331cb",
                "isHook": false,
                "skipped": false
              },
              {
                "title": "should change ValidatorMetadata storage",
                "fullTitle": "Contract: VotingToChangeProxyAddress [all features] #finalize should change ValidatorMetadata storage",
                "timedOut": false,
                "duration": 622,
                "state": "passed",
                "speed": "slow",
                "pass": true,
                "fail": false,
                "pending": false,
                "code": "let contractType = 8;\nlet validatorMetadataEternalStorageNew = await EternalStorageProxy.new(proxyStorageMock.address, validatorMetadata.address);\nlet newAddress = validatorMetadataEternalStorageNew.address;\nawait deployAndTest({contractType, newAddress})\nnewAddress.should.be.equal(await proxyStorageMock.getValidatorMetadata());",
                "err": {},
                "isRoot": false,
                "uuid": "1c371d76-3399-4022-ad18-a212598aefa4",
                "isHook": false,
                "skipped": false
              },
              {
                "title": "prevents double finalize",
                "fullTitle": "Contract: VotingToChangeProxyAddress [all features] #finalize prevents double finalize",
                "timedOut": false,
                "duration": 824,
                "state": "passed",
                "speed": "slow",
                "pass": true,
                "fail": false,
                "pending": false,
                "code": "let newAddress1 = accounts[4];\nlet newAddress2 = accounts[5];\nlet contractType1 = 4;\nlet contractType2 = 5;\nawait voting.createBallotToChangeProxyAddress(\n  VOTING_START_DATE, VOTING_END_DATE, newAddress1, contractType1, \"memo\", { from: votingKey }\n);\nawait voting.createBallotToChangeProxyAddress(\n  VOTING_START_DATE+2, VOTING_END_DATE+2, newAddress2, contractType2, \"memo\", { from: votingKey }\n);\n  \nconst activeBallotsLength = await voting.activeBallotsLength();\nvotingId = await voting.activeBallots(activeBallotsLength.toNumber() - 2);\nlet votingIdForSecond = votingId.add(1);\nawait voting.setTime(VOTING_START_DATE);\nawait voting.vote(votingId, choice.reject, {from: votingKey}).should.be.fulfilled;\nfalse.should.be.equal(await voting.hasAlreadyVoted(votingId, votingKey2));\nawait voting.vote(votingId, choice.accept, {from: votingKey2}).should.be.fulfilled;\nawait voting.vote(votingId, choice.accept, {from: votingKey3}).should.be.fulfilled;\nawait voting.setTime(VOTING_END_DATE + 1);\nfalse.should.be.equal(await voting.getIsFinalized(votingId));\nawait voting.finalize(votingId, {from: votingKey}).should.be.fulfilled;\ntrue.should.be.equal(await voting.getIsFinalized(votingId));\nawait voting.finalize(votingId, {from: votingKey}).should.be.rejectedWith(ERROR_MSG);\nawait voting.finalize(votingIdForSecond, {from: votingKey}).should.be.rejectedWith(ERROR_MSG);\nfalse.should.be.equal(await voting.getIsFinalized(votingIdForSecond));\nawait voting.vote(votingIdForSecond, choice.reject, {from: votingKey}).should.be.fulfilled;\nawait voting.setTime(VOTING_END_DATE + 3);\nawait voting.finalize(votingIdForSecond, {from: votingKey}).should.be.fulfilled;\nnew web3.BigNumber(-1).should.be.bignumber.equal(await voting.getProgress(votingIdForSecond))\nnew web3.BigNumber(1).should.be.bignumber.equal(await voting.getProgress(votingId))\nlet votingState1 = await voting.votingState(votingId);\nvotingState1.should.be.deep.equal([\n  new web3.BigNumber(VOTING_START_DATE),\n  new web3.BigNumber(VOTING_END_DATE),\n  new web3.BigNumber(3), //totalVoters\n  new web3.BigNumber(1), //progress\n  true, //isFinalized\n  new web3.BigNumber(2), //quorumState enum QuorumStates {Invalid, InProgress, Accepted, Rejected}\n  new web3.BigNumber(0), //index\n  new web3.BigNumber(2), //minThreshold\n  newAddress1, //proposedValue\n  new web3.BigNumber(contractType1),\n  miningKeyForVotingKey, //creator\n  \"memo\"\n])\nlet votingState2 = await voting.votingState(votingIdForSecond);\nvotingState2.should.be.deep.equal([\n  new web3.BigNumber(VOTING_START_DATE+2),\n  new web3.BigNumber(VOTING_END_DATE+2),\n  new web3.BigNumber(1), //totalVoters\n  new web3.BigNumber(-1), //progress\n  true, //isFinalized\n  new web3.BigNumber(3), //quorumState enum QuorumStates {Invalid, InProgress, Accepted, Rejected}\n  new web3.BigNumber(0), //index\n  new web3.BigNumber(2), //minThreshold\n  newAddress2, //proposedValue\n  new web3.BigNumber(contractType2),\n  miningKeyForVotingKey, //creator\n  \"memo\"\n])",
                "err": {},
                "isRoot": false,
                "uuid": "e7f82800-d2d4-4579-8997-02d4af34df2e",
                "isHook": false,
                "skipped": false
              }
            ],
            "suites": [],
            "passes": [
              "e4804ecd-5910-4c39-9f2b-5112283a3fec",
              "46cdd176-c6fc-4ba7-bb82-be7a008deeed",
              "8f78af65-7091-4e1d-bb86-dd069a22ef2b",
              "ac7347e4-20fa-4d70-86da-527e6f17038c",
              "336a0815-d3f1-456f-b2b7-c541e4edd858",
              "c0a5811b-dc2b-4ec3-8e56-8d77b8cd9baa",
              "cdf9f2ff-0ac4-4a0e-8344-2e29172331cb",
              "1c371d76-3399-4022-ad18-a212598aefa4",
              "e7f82800-d2d4-4579-8997-02d4af34df2e"
            ],
            "failures": [],
            "pending": [],
            "skipped": [],
            "duration": 5467,
            "root": false,
            "rootEmpty": false,
            "_timeout": 300000
          }
        ],
        "passes": [],
        "failures": [],
        "pending": [],
        "skipped": [],
        "duration": 0,
        "root": false,
        "rootEmpty": false,
        "_timeout": 300000
      }
    ],
    "passes": [],
    "failures": [],
    "pending": [],
    "skipped": [],
    "duration": 0,
    "root": true,
    "rootEmpty": true,
    "_timeout": 2000
  },
  "copyrightYear": 2018
}